=== Hub Bridge v1.0 ===
Module: Artist Bridge (bridge-mm72h3fp)
Hub: ws://localhost:3000
Capture: webhook
OSC: disabled

[BRIDGE] Connecting to Hub at ws://localhost:3000
[BRIDGE] Local server: http://localhost:4000
[BRIDGE] Webhook endpoint: POST http://localhost:4000/api/output
[BRIDGE] Connected to Hub
[BRIDGE] Received message a754a99d: "yo a dream"
[BRIDGE] Processing error: Output capture timed out
[BRIDGE] Disconnected from Hub
[BRIDGE] Connected to Hub
[BRIDGE] Disconnected from Hub
[BRIDGE] Connected to Hub
[BRIDGE] Disconnected from Hub
[BRIDGE] Connected to Hub
[BRIDGE] Disconnected from Hub
[BRIDGE] Connected to Hub
[BRIDGE] Disconnected from Hub
[BRIDGE] Connected to Hub
[BRIDGE] Disconnected from Hub
[BRIDGE] Connected to Hub
[BRIDGE] Disconnected from Hub
[BRIDGE] Connected to Hub
[BRIDGE] Disconnected from Hub
[BRIDGE] Connected to Hub
[BRIDGE] Disconnected from Hub
[BRIDGE] Connected to Hub
[BRIDGE] Received message db0bf8ac: "Breakfast"
[BRIDGE] Processing error: Output capture timed out
