t=2026-03-04T14:18:30+0000 lvl=info msg="no configuration paths supplied"
t=2026-03-04T14:18:30+0000 lvl=info msg="using configuration at default config path" path="/Users/joe/Library/Application Support/ngrok/ngrok.yml"
t=2026-03-04T14:18:30+0000 lvl=info msg="open config file" path="/Users/joe/Library/Application Support/ngrok/ngrok.yml" err=nil
t=2026-03-04T14:18:30+0000 lvl=info msg="FIPS 140 mode" enabled=false
t=2026-03-04T14:18:30+0000 lvl=warn msg="can't bind default web address, trying alternatives" obj=web addr=127.0.0.1:4040
t=2026-03-04T14:18:30+0000 lvl=info msg="starting web service" obj=web addr=127.0.0.1:4041 allow_hosts=[]
t=2026-03-04T14:18:35+0000 lvl=warn msg="failed to check for update" obj=updater err="Post \"https://update.ngrok-agent.com/check\": context deadline exceeded"
t=2026-03-04T14:18:40+0000 lvl=eror msg="failed to reconnect session" obj=tunnels.session err="failed to dial ngrok server with address \"connect.ngrok-agent.com:443\": dial tcp: lookup connect.ngrok-agent.com: i/o timeout"
t=2026-03-04T14:18:51+0000 lvl=eror msg="failed to reconnect session" obj=tunnels.session err="failed to dial ngrok server with address \"connect.ngrok-agent.com:443\": dial tcp: lookup connect.ngrok-agent.com: i/o timeout"
t=2026-03-04T14:19:02+0000 lvl=eror msg="failed to reconnect session" obj=tunnels.session err="failed to dial ngrok server with address \"connect.ngrok-agent.com:443\": dial tcp: lookup connect.ngrok-agent.com: i/o timeout"
t=2026-03-04T14:19:14+0000 lvl=eror msg="failed to reconnect session" obj=tunnels.session err="failed to dial ngrok server with address \"connect.ngrok-agent.com:443\": dial tcp: lookup connect.ngrok-agent.com: i/o timeout"
t=2026-03-04T14:19:28+0000 lvl=eror msg="failed to reconnect session" obj=tunnels.session err="failed to dial ngrok server with address \"connect.ngrok-agent.com:443\": dial tcp: lookup connect.ngrok-agent.com: i/o timeout"
t=2026-03-04T14:19:42+0000 lvl=eror msg="failed to reconnect session" obj=tunnels.session err="failed to dial ngrok server with address \"connect.ngrok-agent.com:443\": dial tcp: lookup connect.ngrok-agent.com: no such host"
t=2026-03-04T14:20:08+0000 lvl=eror msg="failed to reconnect session" obj=tunnels.session err="failed to dial ngrok server with address \"connect.ngrok-agent.com:443\": dial tcp: lookup connect.ngrok-agent.com: i/o timeout"
t=2026-03-04T14:20:48+0000 lvl=eror msg="failed to reconnect session" obj=tunnels.session err="failed to dial ngrok server with address \"connect.ngrok-agent.com:443\": dial tcp: lookup connect.ngrok-agent.com: i/o timeout"
t=2026-03-04T14:21:28+0000 lvl=eror msg="failed to reconnect session" obj=tunnels.session err="failed to dial ngrok server with address \"connect.ngrok-agent.com:443\": dial tcp: lookup connect.ngrok-agent.com: i/o timeout"
t=2026-03-04T14:22:08+0000 lvl=eror msg="failed to reconnect session" obj=tunnels.session err="failed to dial ngrok server with address \"connect.ngrok-agent.com:443\": dial tcp: lookup connect.ngrok-agent.com: i/o timeout"
t=2026-03-04T14:22:48+0000 lvl=eror msg="failed to reconnect session" obj=tunnels.session err="failed to dial ngrok server with address \"connect.ngrok-agent.com:443\": dial tcp: lookup connect.ngrok-agent.com: i/o timeout"
t=2026-03-04T14:23:28+0000 lvl=eror msg="failed to reconnect session" obj=tunnels.session err="failed to dial ngrok server with address \"connect.ngrok-agent.com:443\": dial tcp: lookup connect.ngrok-agent.com: i/o timeout"
t=2026-03-04T14:24:08+0000 lvl=eror msg="failed to reconnect session" obj=tunnels.session err="failed to dial ngrok server with address \"connect.ngrok-agent.com:443\": dial tcp: lookup connect.ngrok-agent.com: i/o timeout"
t=2026-03-04T14:24:48+0000 lvl=eror msg="failed to reconnect session" obj=tunnels.session err="failed to dial ngrok server with address \"connect.ngrok-agent.com:443\": dial tcp: lookup connect.ngrok-agent.com: i/o timeout"
t=2026-03-04T14:25:28+0000 lvl=eror msg="failed to reconnect session" obj=tunnels.session err="failed to dial ngrok server with address \"connect.ngrok-agent.com:443\": dial tcp: lookup connect.ngrok-agent.com: i/o timeout"
t=2026-03-04T14:26:08+0000 lvl=eror msg="failed to reconnect session" obj=tunnels.session err="failed to dial ngrok server with address \"connect.ngrok-agent.com:443\": dial tcp: lookup connect.ngrok-agent.com: i/o timeout"
t=2026-03-04T14:26:48+0000 lvl=eror msg="failed to reconnect session" obj=tunnels.session err="failed to dial ngrok server with address \"connect.ngrok-agent.com:443\": dial tcp: lookup connect.ngrok-agent.com: i/o timeout"
t=2026-03-04T14:27:28+0000 lvl=eror msg="failed to reconnect session" obj=tunnels.session err="failed to dial ngrok server with address \"connect.ngrok-agent.com:443\": dial tcp: lookup connect.ngrok-agent.com: i/o timeout"
t=2026-03-04T14:28:08+0000 lvl=eror msg="failed to reconnect session" obj=tunnels.session err="failed to dial ngrok server with address \"connect.ngrok-agent.com:443\": dial tcp: lookup connect.ngrok-agent.com: i/o timeout"
t=2026-03-04T14:28:48+0000 lvl=eror msg="failed to reconnect session" obj=tunnels.session err="failed to dial ngrok server with address \"connect.ngrok-agent.com:443\": dial tcp: lookup connect.ngrok-agent.com: i/o timeout"
t=2026-03-04T14:29:28+0000 lvl=eror msg="failed to reconnect session" obj=tunnels.session err="failed to dial ngrok server with address \"connect.ngrok-agent.com:443\": dial tcp: lookup connect.ngrok-agent.com: i/o timeout"
t=2026-03-04T14:30:08+0000 lvl=eror msg="failed to reconnect session" obj=tunnels.session err="failed to dial ngrok server with address \"connect.ngrok-agent.com:443\": dial tcp: lookup connect.ngrok-agent.com: i/o timeout"
t=2026-03-04T14:30:48+0000 lvl=eror msg="failed to reconnect session" obj=tunnels.session err="failed to dial ngrok server with address \"connect.ngrok-agent.com:443\": dial tcp: lookup connect.ngrok-agent.com: i/o timeout"
t=2026-03-04T14:31:28+0000 lvl=eror msg="failed to reconnect session" obj=tunnels.session err="failed to dial ngrok server with address \"connect.ngrok-agent.com:443\": dial tcp: lookup connect.ngrok-agent.com: i/o timeout"
t=2026-03-04T14:32:08+0000 lvl=eror msg="failed to reconnect session" obj=tunnels.session err="failed to dial ngrok server with address \"connect.ngrok-agent.com:443\": dial tcp: lookup connect.ngrok-agent.com: i/o timeout"
t=2026-03-04T14:32:48+0000 lvl=eror msg="failed to reconnect session" obj=tunnels.session err="failed to dial ngrok server with address \"connect.ngrok-agent.com:443\": dial tcp: lookup connect.ngrok-agent.com: i/o timeout"
t=2026-03-04T14:33:27+0000 lvl=eror msg="failed to reconnect session" obj=tunnels.session err="failed to dial ngrok server with address \"connect.ngrok-agent.com:443\": dial tcp: lookup connect.ngrok-agent.com: no such host"
t=2026-03-04T14:34:07+0000 lvl=eror msg="failed to reconnect session" obj=tunnels.session err="failed to dial ngrok server with address \"connect.ngrok-agent.com:443\": dial tcp: lookup connect.ngrok-agent.com: i/o timeout"
t=2026-03-04T14:34:47+0000 lvl=eror msg="failed to reconnect session" obj=tunnels.session err="failed to dial ngrok server with address \"connect.ngrok-agent.com:443\": dial tcp: lookup connect.ngrok-agent.com: i/o timeout"
t=2026-03-04T14:35:27+0000 lvl=eror msg="failed to reconnect session" obj=tunnels.session err="failed to dial ngrok server with address \"connect.ngrok-agent.com:443\": dial tcp: lookup connect.ngrok-agent.com: i/o timeout"
t=2026-03-04T14:36:07+0000 lvl=eror msg="failed to reconnect session" obj=tunnels.session err="failed to dial ngrok server with address \"connect.ngrok-agent.com:443\": dial tcp: lookup connect.ngrok-agent.com: i/o timeout"
t=2026-03-04T14:36:47+0000 lvl=eror msg="failed to reconnect session" obj=tunnels.session err="failed to dial ngrok server with address \"connect.ngrok-agent.com:443\": dial tcp: lookup connect.ngrok-agent.com: i/o timeout"
t=2026-03-04T14:37:27+0000 lvl=eror msg="failed to reconnect session" obj=tunnels.session err="failed to dial ngrok server with address \"connect.ngrok-agent.com:443\": dial tcp: lookup connect.ngrok-agent.com: i/o timeout"
t=2026-03-04T14:38:07+0000 lvl=eror msg="failed to reconnect session" obj=tunnels.session err="failed to dial ngrok server with address \"connect.ngrok-agent.com:443\": dial tcp: lookup connect.ngrok-agent.com: i/o timeout"
t=2026-03-04T14:38:38+0000 lvl=eror msg="failed to reconnect session" obj=tunnels.session err="failed to dial ngrok server with address \"connect.ngrok-agent.com:443\": dial tcp: lookup connect.ngrok-agent.com: no such host"
t=2026-03-04T14:39:18+0000 lvl=eror msg="failed to reconnect session" obj=tunnels.session err="failed to dial ngrok server with address \"connect.ngrok-agent.com:443\": dial tcp: lookup connect.ngrok-agent.com: i/o timeout"
t=2026-03-04T14:39:53+0000 lvl=eror msg="failed to reconnect session" obj=tunnels.session err="failed to dial ngrok server with address \"connect.ngrok-agent.com:443\": dial tcp: lookup connect.ngrok-agent.com: no such host"
t=2026-03-04T14:40:33+0000 lvl=eror msg="failed to reconnect session" obj=tunnels.session err="failed to dial ngrok server with address \"connect.ngrok-agent.com:443\": dial tcp: lookup connect.ngrok-agent.com: i/o timeout"
t=2026-03-04T14:41:13+0000 lvl=eror msg="failed to reconnect session" obj=tunnels.session err="failed to dial ngrok server with address \"connect.ngrok-agent.com:443\": dial tcp: lookup connect.ngrok-agent.com: i/o timeout"
t=2026-03-04T14:41:53+0000 lvl=eror msg="failed to reconnect session" obj=tunnels.session err="failed to dial ngrok server with address \"connect.ngrok-agent.com:443\": dial tcp: lookup connect.ngrok-agent.com: i/o timeout"
t=2026-03-04T14:42:33+0000 lvl=eror msg="failed to reconnect session" obj=tunnels.session err="failed to dial ngrok server with address \"connect.ngrok-agent.com:443\": dial tcp: lookup connect.ngrok-agent.com: i/o timeout"
t=2026-03-04T14:43:13+0000 lvl=eror msg="failed to reconnect session" obj=tunnels.session err="failed to dial ngrok server with address \"connect.ngrok-agent.com:443\": dial tcp: lookup connect.ngrok-agent.com: i/o timeout"
t=2026-03-04T14:43:53+0000 lvl=eror msg="failed to reconnect session" obj=tunnels.session err="failed to dial ngrok server with address \"connect.ngrok-agent.com:443\": dial tcp: lookup connect.ngrok-agent.com: i/o timeout"
t=2026-03-04T14:44:33+0000 lvl=eror msg="failed to reconnect session" obj=tunnels.session err="failed to dial ngrok server with address \"connect.ngrok-agent.com:443\": dial tcp: lookup connect.ngrok-agent.com: i/o timeout"
t=2026-03-04T14:45:05+0000 lvl=eror msg="failed to reconnect session" obj=tunnels.session err="failed to dial ngrok server with address \"connect.ngrok-agent.com:443\": dial tcp: lookup connect.ngrok-agent.com: no such host"
t=2026-03-04T14:45:45+0000 lvl=eror msg="failed to reconnect session" obj=tunnels.session err="failed to dial ngrok server with address \"connect.ngrok-agent.com:443\": dial tcp: lookup connect.ngrok-agent.com: i/o timeout"
t=2026-03-04T14:46:25+0000 lvl=eror msg="failed to reconnect session" obj=tunnels.session err="failed to dial ngrok server with address \"connect.ngrok-agent.com:443\": dial tcp: lookup connect.ngrok-agent.com: i/o timeout"
t=2026-03-04T14:47:05+0000 lvl=eror msg="failed to reconnect session" obj=tunnels.session err="failed to dial ngrok server with address \"connect.ngrok-agent.com:443\": dial tcp: lookup connect.ngrok-agent.com: i/o timeout"
t=2026-03-04T14:47:45+0000 lvl=eror msg="failed to reconnect session" obj=tunnels.session err="failed to dial ngrok server with address \"connect.ngrok-agent.com:443\": dial tcp: lookup connect.ngrok-agent.com: i/o timeout"
t=2026-03-04T14:48:25+0000 lvl=eror msg="failed to reconnect session" obj=tunnels.session err="failed to dial ngrok server with address \"connect.ngrok-agent.com:443\": dial tcp: lookup connect.ngrok-agent.com: i/o timeout"
t=2026-03-04T14:49:05+0000 lvl=eror msg="failed to reconnect session" obj=tunnels.session err="failed to dial ngrok server with address \"connect.ngrok-agent.com:443\": dial tcp: lookup connect.ngrok-agent.com: i/o timeout"
t=2026-03-04T14:49:45+0000 lvl=eror msg="failed to reconnect session" obj=tunnels.session err="failed to dial ngrok server with address \"connect.ngrok-agent.com:443\": dial tcp: lookup connect.ngrok-agent.com: i/o timeout"
t=2026-03-04T14:50:19+0000 lvl=eror msg="failed to reconnect session" obj=tunnels.session err="failed to dial ngrok server with address \"connect.ngrok-agent.com:443\": dial tcp: lookup connect.ngrok-agent.com: no such host"
t=2026-03-04T14:50:59+0000 lvl=eror msg="failed to reconnect session" obj=tunnels.session err="failed to dial ngrok server with address \"connect.ngrok-agent.com:443\": dial tcp: lookup connect.ngrok-agent.com: i/o timeout"
t=2026-03-04T14:51:32+0000 lvl=eror msg="failed to reconnect session" obj=tunnels.session err="failed to dial ngrok server with address \"connect.ngrok-agent.com:443\": dial tcp: lookup connect.ngrok-agent.com: no such host"
t=2026-03-04T14:52:12+0000 lvl=eror msg="failed to reconnect session" obj=tunnels.session err="failed to dial ngrok server with address \"connect.ngrok-agent.com:443\": dial tcp: lookup connect.ngrok-agent.com: i/o timeout"
t=2026-03-04T14:52:52+0000 lvl=eror msg="failed to reconnect session" obj=tunnels.session err="failed to dial ngrok server with address \"connect.ngrok-agent.com:443\": dial tcp: lookup connect.ngrok-agent.com: i/o timeout"
t=2026-03-04T14:53:32+0000 lvl=eror msg="failed to reconnect session" obj=tunnels.session err="failed to dial ngrok server with address \"connect.ngrok-agent.com:443\": dial tcp: lookup connect.ngrok-agent.com: i/o timeout"
t=2026-03-04T14:54:12+0000 lvl=eror msg="failed to reconnect session" obj=tunnels.session err="failed to dial ngrok server with address \"connect.ngrok-agent.com:443\": dial tcp: lookup connect.ngrok-agent.com: i/o timeout"
t=2026-03-04T14:54:52+0000 lvl=eror msg="failed to reconnect session" obj=tunnels.session err="failed to dial ngrok server with address \"connect.ngrok-agent.com:443\": dial tcp: lookup connect.ngrok-agent.com: i/o timeout"
t=2026-03-04T14:55:24+0000 lvl=eror msg="failed to reconnect session" obj=tunnels.session err="failed to dial ngrok server with address \"connect.ngrok-agent.com:443\": dial tcp: lookup connect.ngrok-agent.com: no such host"
t=2026-03-04T14:56:04+0000 lvl=eror msg="failed to reconnect session" obj=tunnels.session err="failed to dial ngrok server with address \"connect.ngrok-agent.com:443\": dial tcp: lookup connect.ngrok-agent.com: i/o timeout"
t=2026-03-04T14:56:44+0000 lvl=eror msg="failed to reconnect session" obj=tunnels.session err="failed to dial ngrok server with address \"connect.ngrok-agent.com:443\": dial tcp: lookup connect.ngrok-agent.com: i/o timeout"
t=2026-03-04T14:57:24+0000 lvl=eror msg="failed to reconnect session" obj=tunnels.session err="failed to dial ngrok server with address \"connect.ngrok-agent.com:443\": dial tcp: lookup connect.ngrok-agent.com: i/o timeout"
t=2026-03-04T14:58:04+0000 lvl=eror msg="failed to reconnect session" obj=tunnels.session err="failed to dial ngrok server with address \"connect.ngrok-agent.com:443\": dial tcp: lookup connect.ngrok-agent.com: i/o timeout"
t=2026-03-04T14:58:44+0000 lvl=eror msg="failed to reconnect session" obj=tunnels.session err="failed to dial ngrok server with address \"connect.ngrok-agent.com:443\": dial tcp: lookup connect.ngrok-agent.com: i/o timeout"
t=2026-03-04T14:59:24+0000 lvl=eror msg="failed to reconnect session" obj=tunnels.session err="failed to dial ngrok server with address \"connect.ngrok-agent.com:443\": dial tcp: lookup connect.ngrok-agent.com: i/o timeout"
t=2026-03-04T15:00:04+0000 lvl=eror msg="failed to reconnect session" obj=tunnels.session err="failed to dial ngrok server with address \"connect.ngrok-agent.com:443\": dial tcp: lookup connect.ngrok-agent.com: i/o timeout"
t=2026-03-04T15:04:26+0000 lvl=eror msg="failed to reconnect session" obj=tunnels.session err="failed to dial ngrok server with address \"connect.ngrok-agent.com:443\": dial tcp: lookup connect.ngrok-agent.com: i/o timeout"
t=2026-03-04T15:11:51+0000 lvl=eror msg="failed to reconnect session" obj=tunnels.session err="failed to dial ngrok server with address \"connect.ngrok-agent.com:443\": dial tcp: lookup connect.ngrok-agent.com: i/o timeout"
t=2026-03-04T15:12:43+0000 lvl=eror msg="failed to reconnect session" obj=tunnels.session err="failed to dial ngrok server with address \"connect.ngrok-agent.com:443\": dial tcp: lookup connect.ngrok-agent.com: no such host"
t=2026-03-04T15:13:18+0000 lvl=eror msg="failed to reconnect session" obj=tunnels.session err="failed to dial ngrok server with address \"connect.ngrok-agent.com:443\": dial tcp: lookup connect.ngrok-agent.com: no such host"
t=2026-03-04T15:14:12+0000 lvl=eror msg="failed to reconnect session" obj=tunnels.session err="failed to dial ngrok server with address \"connect.ngrok-agent.com:443\": dial tcp: lookup connect.ngrok-agent.com: i/o timeout"
t=2026-03-04T15:15:55+0000 lvl=eror msg="failed to reconnect session" obj=tunnels.session err="failed to dial ngrok server with address \"connect.ngrok-agent.com:443\": dial tcp: lookup connect.ngrok-agent.com: no such host"
t=2026-03-04T15:48:05+0000 lvl=eror msg="failed to reconnect session" obj=tunnels.session err="failed to dial ngrok server with address \"connect.ngrok-agent.com:443\": dial tcp: lookup connect.ngrok-agent.com: no such host"
t=2026-03-04T16:05:55+0000 lvl=info msg="client session established" obj=tunnels.session
t=2026-03-04T16:05:55+0000 lvl=info msg="tunnel session started" obj=tunnels.session
t=2026-03-04T16:05:56+0000 lvl=info msg="started tunnel" obj=tunnels name=command_line addr=http://localhost:3000 url=https://dominatingly-sociogenetic-kym.ngrok-free.dev
t=2026-03-04T16:07:21+0000 lvl=eror msg="session closed, starting reconnect loop" obj=tunnels.session obj=csess id=5f987b9aa737 err="read EOF from remote peer"
t=2026-03-04T16:07:21+0000 lvl=info msg="client session established" obj=tunnels.session
t=2026-03-04T16:07:21+0000 lvl=info msg="tunnel session started" obj=tunnels.session
t=2026-03-04T16:07:59+0000 lvl=eror msg="heartbeat timeout, terminating session" obj=tunnels.session obj=csess id=05f4ec8668d1 clientid=7e58573939609d37d0bd2d4cbc6809de
t=2026-03-04T16:08:09+0000 lvl=eror msg="heartbeat timeout, terminating session" obj=tunnels.session obj=csess id=de4ffacc4a4c clientid=7e58573939609d37d0bd2d4cbc6809de
t=2026-03-04T16:08:09+0000 lvl=eror msg="session closed, starting reconnect loop" obj=tunnels.session obj=csess id=5f987b9aa737 err="session closed"
t=2026-03-04T16:08:09+0000 lvl=eror msg="failed to reconnect session" obj=tunnels.session err="failed to dial ngrok server with address \"connect.ngrok-agent.com:443\": dial tcp: lookup connect.ngrok-agent.com: no such host"
t=2026-03-04T16:08:09+0000 lvl=eror msg="failed to reconnect session" obj=tunnels.session err="failed to dial ngrok server with address \"connect.ngrok-agent.com:443\": dial tcp: lookup connect.ngrok-agent.com: no such host"
t=2026-03-04T16:08:10+0000 lvl=eror msg="failed to reconnect session" obj=tunnels.session err="failed to dial ngrok server with address \"connect.ngrok-agent.com:443\": dial tcp: lookup connect.ngrok-agent.com: no such host"
t=2026-03-04T16:08:12+0000 lvl=eror msg="failed to reconnect session" obj=tunnels.session err="failed to dial ngrok server with address \"connect.ngrok-agent.com:443\": dial tcp: lookup connect.ngrok-agent.com: no such host"
t=2026-03-04T16:08:16+0000 lvl=eror msg="failed to reconnect session" obj=tunnels.session err="failed to dial ngrok server with address \"connect.ngrok-agent.com:443\": dial tcp: lookup connect.ngrok-agent.com: no such host"
t=2026-03-04T16:08:24+0000 lvl=eror msg="failed to reconnect session" obj=tunnels.session err="failed to dial ngrok server with address \"connect.ngrok-agent.com:443\": dial tcp: lookup connect.ngrok-agent.com: no such host"
t=2026-03-04T16:12:28+0000 lvl=info msg="client session established" obj=tunnels.session
t=2026-03-04T16:12:28+0000 lvl=info msg="tunnel session started" obj=tunnels.session
t=2026-03-04T16:13:40+0000 lvl=eror msg="session closed, starting reconnect loop" obj=tunnels.session obj=csess id=5f987b9aa737 err="read EOF from remote peer"
t=2026-03-04T16:13:48+0000 lvl=info msg="client session established" obj=tunnels.session
t=2026-03-04T16:13:48+0000 lvl=info msg="tunnel session started" obj=tunnels.session
t=2026-03-04T16:14:00+0000 lvl=eror msg="heartbeat timeout, terminating session" obj=tunnels.session obj=csess id=fdc1a928b68f clientid=7e58573939609d37d0bd2d4cbc6809de
t=2026-03-04T16:29:56+0000 lvl=eror msg="session closed, starting reconnect loop" obj=tunnels.session obj=csess id=5f987b9aa737 err="read tcp 192.168.1.252:57887->3.122.29.226:443: read: connection reset by peer"
t=2026-03-04T16:29:59+0000 lvl=info msg="client session established" obj=tunnels.session
t=2026-03-04T16:29:59+0000 lvl=info msg="tunnel session started" obj=tunnels.session
t=2026-03-04T16:30:11+0000 lvl=eror msg="heartbeat timeout, terminating session" obj=tunnels.session obj=csess id=0df7acc12eaf clientid=7e58573939609d37d0bd2d4cbc6809de
t=2026-03-04T16:36:30+0000 lvl=eror msg="session closed, starting reconnect loop" obj=tunnels.session obj=csess id=5f987b9aa737 err="read tcp 192.168.1.252:58674->3.125.234.140:443: read: connection reset by peer"
t=2026-03-04T16:36:34+0000 lvl=eror msg="failed to reconnect session" obj=tunnels.session err="The endpoint 'https://dominatingly-sociogenetic-kym.ngrok-free.dev' is already online. Either\n1. stop your existing endpoint first, or\n2. start both endpoints with `--pooling-enabled` to load balance between them.\r\n\r\nERR_NGROK_334\r\n"
t=2026-03-04T16:36:35+0000 lvl=eror msg="failed to reconnect session" obj=tunnels.session err="The endpoint 'https://dominatingly-sociogenetic-kym.ngrok-free.dev' is already online. Either\n1. stop your existing endpoint first, or\n2. start both endpoints with `--pooling-enabled` to load balance between them.\r\n\r\nERR_NGROK_334\r\n"
t=2026-03-04T16:36:37+0000 lvl=eror msg="failed to reconnect session" obj=tunnels.session err="The endpoint 'https://dominatingly-sociogenetic-kym.ngrok-free.dev' is already online. Either\n1. stop your existing endpoint first, or\n2. start both endpoints with `--pooling-enabled` to load balance between them.\r\n\r\nERR_NGROK_334\r\n"
t=2026-03-04T16:36:39+0000 lvl=eror msg="failed to reconnect session" obj=tunnels.session err="The endpoint 'https://dominatingly-sociogenetic-kym.ngrok-free.dev' is already online. Either\n1. stop your existing endpoint first, or\n2. start both endpoints with `--pooling-enabled` to load balance between them.\r\n\r\nERR_NGROK_334\r\n"
t=2026-03-04T16:36:43+0000 lvl=eror msg="failed to reconnect session" obj=tunnels.session err="The endpoint 'https://dominatingly-sociogenetic-kym.ngrok-free.dev' is already online. Either\n1. stop your existing endpoint first, or\n2. start both endpoints with `--pooling-enabled` to load balance between them.\r\n\r\nERR_NGROK_334\r\n"
t=2026-03-04T16:36:45+0000 lvl=eror msg="heartbeat timeout, terminating session" obj=tunnels.session obj=csess id=57867025545e clientid=7e58573939609d37d0bd2d4cbc6809de
t=2026-03-04T16:36:52+0000 lvl=eror msg="failed to reconnect session" obj=tunnels.session err="The endpoint 'https://dominatingly-sociogenetic-kym.ngrok-free.dev' is already online. Either\n1. stop your existing endpoint first, or\n2. start both endpoints with `--pooling-enabled` to load balance between them.\r\n\r\nERR_NGROK_334\r\n"
t=2026-03-04T16:37:08+0000 lvl=eror msg="failed to reconnect session" obj=tunnels.session err="The endpoint 'https://dominatingly-sociogenetic-kym.ngrok-free.dev' is already online. Either\n1. stop your existing endpoint first, or\n2. start both endpoints with `--pooling-enabled` to load balance between them.\r\n\r\nERR_NGROK_334\r\n"
t=2026-03-04T16:37:39+0000 lvl=eror msg="failed to reconnect session" obj=tunnels.session err="The endpoint 'https://dominatingly-sociogenetic-kym.ngrok-free.dev' is already online. Either\n1. stop your existing endpoint first, or\n2. start both endpoints with `--pooling-enabled` to load balance between them.\r\n\r\nERR_NGROK_334\r\n"
t=2026-03-04T16:38:09+0000 lvl=eror msg="failed to reconnect session" obj=tunnels.session err="The endpoint 'https://dominatingly-sociogenetic-kym.ngrok-free.dev' is already online. Either\n1. stop your existing endpoint first, or\n2. start both endpoints with `--pooling-enabled` to load balance between them.\r\n\r\nERR_NGROK_334\r\n"
t=2026-03-04T16:38:39+0000 lvl=eror msg="failed to reconnect session" obj=tunnels.session err="The endpoint 'https://dominatingly-sociogenetic-kym.ngrok-free.dev' is already online. Either\n1. stop your existing endpoint first, or\n2. start both endpoints with `--pooling-enabled` to load balance between them.\r\n\r\nERR_NGROK_334\r\n"
t=2026-03-04T16:39:09+0000 lvl=eror msg="failed to reconnect session" obj=tunnels.session err="The endpoint 'https://dominatingly-sociogenetic-kym.ngrok-free.dev' is already online. Either\n1. stop your existing endpoint first, or\n2. start both endpoints with `--pooling-enabled` to load balance between them.\r\n\r\nERR_NGROK_334\r\n"
t=2026-03-04T16:39:40+0000 lvl=eror msg="failed to reconnect session" obj=tunnels.session err="The endpoint 'https://dominatingly-sociogenetic-kym.ngrok-free.dev' is already online. Either\n1. stop your existing endpoint first, or\n2. start both endpoints with `--pooling-enabled` to load balance between them.\r\n\r\nERR_NGROK_334\r\n"
t=2026-03-04T16:40:10+0000 lvl=eror msg="failed to reconnect session" obj=tunnels.session err="The endpoint 'https://dominatingly-sociogenetic-kym.ngrok-free.dev' is already online. Either\n1. stop your existing endpoint first, or\n2. start both endpoints with `--pooling-enabled` to load balance between them.\r\n\r\nERR_NGROK_334\r\n"
t=2026-03-04T16:40:40+0000 lvl=eror msg="failed to reconnect session" obj=tunnels.session err="The endpoint 'https://dominatingly-sociogenetic-kym.ngrok-free.dev' is already online. Either\n1. stop your existing endpoint first, or\n2. start both endpoints with `--pooling-enabled` to load balance between them.\r\n\r\nERR_NGROK_334\r\n"
t=2026-03-04T16:41:11+0000 lvl=eror msg="failed to reconnect session" obj=tunnels.session err="The endpoint 'https://dominatingly-sociogenetic-kym.ngrok-free.dev' is already online. Either\n1. stop your existing endpoint first, or\n2. start both endpoints with `--pooling-enabled` to load balance between them.\r\n\r\nERR_NGROK_334\r\n"
t=2026-03-04T16:41:41+0000 lvl=eror msg="failed to reconnect session" obj=tunnels.session err="The endpoint 'https://dominatingly-sociogenetic-kym.ngrok-free.dev' is already online. Either\n1. stop your existing endpoint first, or\n2. start both endpoints with `--pooling-enabled` to load balance between them.\r\n\r\nERR_NGROK_334\r\n"
t=2026-03-04T16:42:11+0000 lvl=eror msg="failed to reconnect session" obj=tunnels.session err="The endpoint 'https://dominatingly-sociogenetic-kym.ngrok-free.dev' is already online. Either\n1. stop your existing endpoint first, or\n2. start both endpoints with `--pooling-enabled` to load balance between them.\r\n\r\nERR_NGROK_334\r\n"
t=2026-03-04T16:42:42+0000 lvl=eror msg="failed to reconnect session" obj=tunnels.session err="The endpoint 'https://dominatingly-sociogenetic-kym.ngrok-free.dev' is already online. Either\n1. stop your existing endpoint first, or\n2. start both endpoints with `--pooling-enabled` to load balance between them.\r\n\r\nERR_NGROK_334\r\n"
t=2026-03-04T16:43:12+0000 lvl=eror msg="failed to reconnect session" obj=tunnels.session err="The endpoint 'https://dominatingly-sociogenetic-kym.ngrok-free.dev' is already online. Either\n1. stop your existing endpoint first, or\n2. start both endpoints with `--pooling-enabled` to load balance between them.\r\n\r\nERR_NGROK_334\r\n"
t=2026-03-04T16:43:42+0000 lvl=eror msg="failed to reconnect session" obj=tunnels.session err="The endpoint 'https://dominatingly-sociogenetic-kym.ngrok-free.dev' is already online. Either\n1. stop your existing endpoint first, or\n2. start both endpoints with `--pooling-enabled` to load balance between them.\r\n\r\nERR_NGROK_334\r\n"
t=2026-03-04T16:44:13+0000 lvl=eror msg="failed to reconnect session" obj=tunnels.session err="The endpoint 'https://dominatingly-sociogenetic-kym.ngrok-free.dev' is already online. Either\n1. stop your existing endpoint first, or\n2. start both endpoints with `--pooling-enabled` to load balance between them.\r\n\r\nERR_NGROK_334\r\n"
t=2026-03-04T16:44:43+0000 lvl=eror msg="failed to reconnect session" obj=tunnels.session err="The endpoint 'https://dominatingly-sociogenetic-kym.ngrok-free.dev' is already online. Either\n1. stop your existing endpoint first, or\n2. start both endpoints with `--pooling-enabled` to load balance between them.\r\n\r\nERR_NGROK_334\r\n"
t=2026-03-04T16:45:13+0000 lvl=eror msg="failed to reconnect session" obj=tunnels.session err="The endpoint 'https://dominatingly-sociogenetic-kym.ngrok-free.dev' is already online. Either\n1. stop your existing endpoint first, or\n2. start both endpoints with `--pooling-enabled` to load balance between them.\r\n\r\nERR_NGROK_334\r\n"
t=2026-03-04T16:45:44+0000 lvl=eror msg="failed to reconnect session" obj=tunnels.session err="The endpoint 'https://dominatingly-sociogenetic-kym.ngrok-free.dev' is already online. Either\n1. stop your existing endpoint first, or\n2. start both endpoints with `--pooling-enabled` to load balance between them.\r\n\r\nERR_NGROK_334\r\n"
t=2026-03-04T16:46:14+0000 lvl=eror msg="failed to reconnect session" obj=tunnels.session err="The endpoint 'https://dominatingly-sociogenetic-kym.ngrok-free.dev' is already online. Either\n1. stop your existing endpoint first, or\n2. start both endpoints with `--pooling-enabled` to load balance between them.\r\n\r\nERR_NGROK_334\r\n"
t=2026-03-04T16:46:45+0000 lvl=eror msg="failed to reconnect session" obj=tunnels.session err="The endpoint 'https://dominatingly-sociogenetic-kym.ngrok-free.dev' is already online. Either\n1. stop your existing endpoint first, or\n2. start both endpoints with `--pooling-enabled` to load balance between them.\r\n\r\nERR_NGROK_334\r\n"
t=2026-03-04T16:47:15+0000 lvl=eror msg="failed to reconnect session" obj=tunnels.session err="The endpoint 'https://dominatingly-sociogenetic-kym.ngrok-free.dev' is already online. Either\n1. stop your existing endpoint first, or\n2. start both endpoints with `--pooling-enabled` to load balance between them.\r\n\r\nERR_NGROK_334\r\n"
t=2026-03-04T16:47:45+0000 lvl=eror msg="failed to reconnect session" obj=tunnels.session err="The endpoint 'https://dominatingly-sociogenetic-kym.ngrok-free.dev' is already online. Either\n1. stop your existing endpoint first, or\n2. start both endpoints with `--pooling-enabled` to load balance between them.\r\n\r\nERR_NGROK_334\r\n"
t=2026-03-04T16:48:15+0000 lvl=eror msg="failed to reconnect session" obj=tunnels.session err="The endpoint 'https://dominatingly-sociogenetic-kym.ngrok-free.dev' is already online. Either\n1. stop your existing endpoint first, or\n2. start both endpoints with `--pooling-enabled` to load balance between them.\r\n\r\nERR_NGROK_334\r\n"
t=2026-03-04T16:48:46+0000 lvl=eror msg="failed to reconnect session" obj=tunnels.session err="The endpoint 'https://dominatingly-sociogenetic-kym.ngrok-free.dev' is already online. Either\n1. stop your existing endpoint first, or\n2. start both endpoints with `--pooling-enabled` to load balance between them.\r\n\r\nERR_NGROK_334\r\n"
t=2026-03-04T16:49:16+0000 lvl=eror msg="failed to reconnect session" obj=tunnels.session err="The endpoint 'https://dominatingly-sociogenetic-kym.ngrok-free.dev' is already online. Either\n1. stop your existing endpoint first, or\n2. start both endpoints with `--pooling-enabled` to load balance between them.\r\n\r\nERR_NGROK_334\r\n"
t=2026-03-04T16:49:47+0000 lvl=eror msg="failed to reconnect session" obj=tunnels.session err="The endpoint 'https://dominatingly-sociogenetic-kym.ngrok-free.dev' is already online. Either\n1. stop your existing endpoint first, or\n2. start both endpoints with `--pooling-enabled` to load balance between them.\r\n\r\nERR_NGROK_334\r\n"
t=2026-03-04T16:50:17+0000 lvl=eror msg="failed to reconnect session" obj=tunnels.session err="The endpoint 'https://dominatingly-sociogenetic-kym.ngrok-free.dev' is already online. Either\n1. stop your existing endpoint first, or\n2. start both endpoints with `--pooling-enabled` to load balance between them.\r\n\r\nERR_NGROK_334\r\n"
t=2026-03-04T16:50:47+0000 lvl=eror msg="failed to reconnect session" obj=tunnels.session err="The endpoint 'https://dominatingly-sociogenetic-kym.ngrok-free.dev' is already online. Either\n1. stop your existing endpoint first, or\n2. start both endpoints with `--pooling-enabled` to load balance between them.\r\n\r\nERR_NGROK_334\r\n"
t=2026-03-04T16:51:18+0000 lvl=eror msg="failed to reconnect session" obj=tunnels.session err="The endpoint 'https://dominatingly-sociogenetic-kym.ngrok-free.dev' is already online. Either\n1. stop your existing endpoint first, or\n2. start both endpoints with `--pooling-enabled` to load balance between them.\r\n\r\nERR_NGROK_334\r\n"
t=2026-03-04T16:51:48+0000 lvl=eror msg="failed to reconnect session" obj=tunnels.session err="The endpoint 'https://dominatingly-sociogenetic-kym.ngrok-free.dev' is already online. Either\n1. stop your existing endpoint first, or\n2. start both endpoints with `--pooling-enabled` to load balance between them.\r\n\r\nERR_NGROK_334\r\n"
t=2026-03-04T16:52:18+0000 lvl=eror msg="failed to reconnect session" obj=tunnels.session err="The endpoint 'https://dominatingly-sociogenetic-kym.ngrok-free.dev' is already online. Either\n1. stop your existing endpoint first, or\n2. start both endpoints with `--pooling-enabled` to load balance between them.\r\n\r\nERR_NGROK_334\r\n"
t=2026-03-04T16:52:48+0000 lvl=eror msg="failed to reconnect session" obj=tunnels.session err="The endpoint 'https://dominatingly-sociogenetic-kym.ngrok-free.dev' is already online. Either\n1. stop your existing endpoint first, or\n2. start both endpoints with `--pooling-enabled` to load balance between them.\r\n\r\nERR_NGROK_334\r\n"
t=2026-03-04T16:53:19+0000 lvl=eror msg="failed to reconnect session" obj=tunnels.session err="The endpoint 'https://dominatingly-sociogenetic-kym.ngrok-free.dev' is already online. Either\n1. stop your existing endpoint first, or\n2. start both endpoints with `--pooling-enabled` to load balance between them.\r\n\r\nERR_NGROK_334\r\n"
t=2026-03-04T16:53:49+0000 lvl=eror msg="failed to reconnect session" obj=tunnels.session err="The endpoint 'https://dominatingly-sociogenetic-kym.ngrok-free.dev' is already online. Either\n1. stop your existing endpoint first, or\n2. start both endpoints with `--pooling-enabled` to load balance between them.\r\n\r\nERR_NGROK_334\r\n"
t=2026-03-04T16:54:19+0000 lvl=eror msg="failed to reconnect session" obj=tunnels.session err="The endpoint 'https://dominatingly-sociogenetic-kym.ngrok-free.dev' is already online. Either\n1. stop your existing endpoint first, or\n2. start both endpoints with `--pooling-enabled` to load balance between them.\r\n\r\nERR_NGROK_334\r\n"
t=2026-03-04T16:54:49+0000 lvl=eror msg="failed to reconnect session" obj=tunnels.session err="The endpoint 'https://dominatingly-sociogenetic-kym.ngrok-free.dev' is already online. Either\n1. stop your existing endpoint first, or\n2. start both endpoints with `--pooling-enabled` to load balance between them.\r\n\r\nERR_NGROK_334\r\n"
t=2026-03-04T16:55:20+0000 lvl=eror msg="failed to reconnect session" obj=tunnels.session err="The endpoint 'https://dominatingly-sociogenetic-kym.ngrok-free.dev' is already online. Either\n1. stop your existing endpoint first, or\n2. start both endpoints with `--pooling-enabled` to load balance between them.\r\n\r\nERR_NGROK_334\r\n"
t=2026-03-04T16:55:50+0000 lvl=eror msg="failed to reconnect session" obj=tunnels.session err="The endpoint 'https://dominatingly-sociogenetic-kym.ngrok-free.dev' is already online. Either\n1. stop your existing endpoint first, or\n2. start both endpoints with `--pooling-enabled` to load balance between them.\r\n\r\nERR_NGROK_334\r\n"
t=2026-03-04T16:56:21+0000 lvl=eror msg="failed to reconnect session" obj=tunnels.session err="The endpoint 'https://dominatingly-sociogenetic-kym.ngrok-free.dev' is already online. Either\n1. stop your existing endpoint first, or\n2. start both endpoints with `--pooling-enabled` to load balance between them.\r\n\r\nERR_NGROK_334\r\n"
t=2026-03-04T16:56:51+0000 lvl=eror msg="failed to reconnect session" obj=tunnels.session err="The endpoint 'https://dominatingly-sociogenetic-kym.ngrok-free.dev' is already online. Either\n1. stop your existing endpoint first, or\n2. start both endpoints with `--pooling-enabled` to load balance between them.\r\n\r\nERR_NGROK_334\r\n"
t=2026-03-04T16:57:21+0000 lvl=eror msg="failed to reconnect session" obj=tunnels.session err="The endpoint 'https://dominatingly-sociogenetic-kym.ngrok-free.dev' is already online. Either\n1. stop your existing endpoint first, or\n2. start both endpoints with `--pooling-enabled` to load balance between them.\r\n\r\nERR_NGROK_334\r\n"
t=2026-03-04T16:57:51+0000 lvl=eror msg="failed to reconnect session" obj=tunnels.session err="The endpoint 'https://dominatingly-sociogenetic-kym.ngrok-free.dev' is already online. Either\n1. stop your existing endpoint first, or\n2. start both endpoints with `--pooling-enabled` to load balance between them.\r\n\r\nERR_NGROK_334\r\n"
t=2026-03-04T16:58:22+0000 lvl=eror msg="failed to reconnect session" obj=tunnels.session err="The endpoint 'https://dominatingly-sociogenetic-kym.ngrok-free.dev' is already online. Either\n1. stop your existing endpoint first, or\n2. start both endpoints with `--pooling-enabled` to load balance between them.\r\n\r\nERR_NGROK_334\r\n"
t=2026-03-04T16:58:52+0000 lvl=eror msg="failed to reconnect session" obj=tunnels.session err="The endpoint 'https://dominatingly-sociogenetic-kym.ngrok-free.dev' is already online. Either\n1. stop your existing endpoint first, or\n2. start both endpoints with `--pooling-enabled` to load balance between them.\r\n\r\nERR_NGROK_334\r\n"
t=2026-03-04T16:59:22+0000 lvl=eror msg="failed to reconnect session" obj=tunnels.session err="The endpoint 'https://dominatingly-sociogenetic-kym.ngrok-free.dev' is already online. Either\n1. stop your existing endpoint first, or\n2. start both endpoints with `--pooling-enabled` to load balance between them.\r\n\r\nERR_NGROK_334\r\n"
t=2026-03-04T16:59:53+0000 lvl=eror msg="failed to reconnect session" obj=tunnels.session err="The endpoint 'https://dominatingly-sociogenetic-kym.ngrok-free.dev' is already online. Either\n1. stop your existing endpoint first, or\n2. start both endpoints with `--pooling-enabled` to load balance between them.\r\n\r\nERR_NGROK_334\r\n"
t=2026-03-04T17:00:23+0000 lvl=eror msg="failed to reconnect session" obj=tunnels.session err="The endpoint 'https://dominatingly-sociogenetic-kym.ngrok-free.dev' is already online. Either\n1. stop your existing endpoint first, or\n2. start both endpoints with `--pooling-enabled` to load balance between them.\r\n\r\nERR_NGROK_334\r\n"
t=2026-03-04T17:00:53+0000 lvl=eror msg="failed to reconnect session" obj=tunnels.session err="The endpoint 'https://dominatingly-sociogenetic-kym.ngrok-free.dev' is already online. Either\n1. stop your existing endpoint first, or\n2. start both endpoints with `--pooling-enabled` to load balance between them.\r\n\r\nERR_NGROK_334\r\n"
t=2026-03-04T17:01:24+0000 lvl=eror msg="failed to reconnect session" obj=tunnels.session err="The endpoint 'https://dominatingly-sociogenetic-kym.ngrok-free.dev' is already online. Either\n1. stop your existing endpoint first, or\n2. start both endpoints with `--pooling-enabled` to load balance between them.\r\n\r\nERR_NGROK_334\r\n"
t=2026-03-04T17:01:54+0000 lvl=eror msg="failed to reconnect session" obj=tunnels.session err="The endpoint 'https://dominatingly-sociogenetic-kym.ngrok-free.dev' is already online. Either\n1. stop your existing endpoint first, or\n2. start both endpoints with `--pooling-enabled` to load balance between them.\r\n\r\nERR_NGROK_334\r\n"
t=2026-03-04T17:02:25+0000 lvl=eror msg="failed to reconnect session" obj=tunnels.session err="The endpoint 'https://dominatingly-sociogenetic-kym.ngrok-free.dev' is already online. Either\n1. stop your existing endpoint first, or\n2. start both endpoints with `--pooling-enabled` to load balance between them.\r\n\r\nERR_NGROK_334\r\n"
t=2026-03-04T17:02:55+0000 lvl=eror msg="failed to reconnect session" obj=tunnels.session err="The endpoint 'https://dominatingly-sociogenetic-kym.ngrok-free.dev' is already online. Either\n1. stop your existing endpoint first, or\n2. start both endpoints with `--pooling-enabled` to load balance between them.\r\n\r\nERR_NGROK_334\r\n"
t=2026-03-04T17:03:25+0000 lvl=eror msg="failed to reconnect session" obj=tunnels.session err="The endpoint 'https://dominatingly-sociogenetic-kym.ngrok-free.dev' is already online. Either\n1. stop your existing endpoint first, or\n2. start both endpoints with `--pooling-enabled` to load balance between them.\r\n\r\nERR_NGROK_334\r\n"
t=2026-03-04T17:03:56+0000 lvl=eror msg="failed to reconnect session" obj=tunnels.session err="The endpoint 'https://dominatingly-sociogenetic-kym.ngrok-free.dev' is already online. Either\n1. stop your existing endpoint first, or\n2. start both endpoints with `--pooling-enabled` to load balance between them.\r\n\r\nERR_NGROK_334\r\n"
t=2026-03-04T17:04:26+0000 lvl=eror msg="failed to reconnect session" obj=tunnels.session err="The endpoint 'https://dominatingly-sociogenetic-kym.ngrok-free.dev' is already online. Either\n1. stop your existing endpoint first, or\n2. start both endpoints with `--pooling-enabled` to load balance between them.\r\n\r\nERR_NGROK_334\r\n"
t=2026-03-04T17:04:56+0000 lvl=eror msg="failed to reconnect session" obj=tunnels.session err="The endpoint 'https://dominatingly-sociogenetic-kym.ngrok-free.dev' is already online. Either\n1. stop your existing endpoint first, or\n2. start both endpoints with `--pooling-enabled` to load balance between them.\r\n\r\nERR_NGROK_334\r\n"
t=2026-03-04T17:05:27+0000 lvl=eror msg="failed to reconnect session" obj=tunnels.session err="The endpoint 'https://dominatingly-sociogenetic-kym.ngrok-free.dev' is already online. Either\n1. stop your existing endpoint first, or\n2. start both endpoints with `--pooling-enabled` to load balance between them.\r\n\r\nERR_NGROK_334\r\n"
t=2026-03-04T17:05:57+0000 lvl=eror msg="failed to reconnect session" obj=tunnels.session err="The endpoint 'https://dominatingly-sociogenetic-kym.ngrok-free.dev' is already online. Either\n1. stop your existing endpoint first, or\n2. start both endpoints with `--pooling-enabled` to load balance between them.\r\n\r\nERR_NGROK_334\r\n"
t=2026-03-04T17:06:27+0000 lvl=eror msg="failed to reconnect session" obj=tunnels.session err="The endpoint 'https://dominatingly-sociogenetic-kym.ngrok-free.dev' is already online. Either\n1. stop your existing endpoint first, or\n2. start both endpoints with `--pooling-enabled` to load balance between them.\r\n\r\nERR_NGROK_334\r\n"
t=2026-03-04T17:06:58+0000 lvl=eror msg="failed to reconnect session" obj=tunnels.session err="The endpoint 'https://dominatingly-sociogenetic-kym.ngrok-free.dev' is already online. Either\n1. stop your existing endpoint first, or\n2. start both endpoints with `--pooling-enabled` to load balance between them.\r\n\r\nERR_NGROK_334\r\n"
t=2026-03-04T17:07:28+0000 lvl=eror msg="failed to reconnect session" obj=tunnels.session err="The endpoint 'https://dominatingly-sociogenetic-kym.ngrok-free.dev' is already online. Either\n1. stop your existing endpoint first, or\n2. start both endpoints with `--pooling-enabled` to load balance between them.\r\n\r\nERR_NGROK_334\r\n"
t=2026-03-04T17:07:58+0000 lvl=eror msg="failed to reconnect session" obj=tunnels.session err="The endpoint 'https://dominatingly-sociogenetic-kym.ngrok-free.dev' is already online. Either\n1. stop your existing endpoint first, or\n2. start both endpoints with `--pooling-enabled` to load balance between them.\r\n\r\nERR_NGROK_334\r\n"
t=2026-03-04T17:08:28+0000 lvl=eror msg="failed to reconnect session" obj=tunnels.session err="The endpoint 'https://dominatingly-sociogenetic-kym.ngrok-free.dev' is already online. Either\n1. stop your existing endpoint first, or\n2. start both endpoints with `--pooling-enabled` to load balance between them.\r\n\r\nERR_NGROK_334\r\n"
t=2026-03-04T17:08:59+0000 lvl=eror msg="failed to reconnect session" obj=tunnels.session err="The endpoint 'https://dominatingly-sociogenetic-kym.ngrok-free.dev' is already online. Either\n1. stop your existing endpoint first, or\n2. start both endpoints with `--pooling-enabled` to load balance between them.\r\n\r\nERR_NGROK_334\r\n"
t=2026-03-04T17:09:29+0000 lvl=eror msg="failed to reconnect session" obj=tunnels.session err="The endpoint 'https://dominatingly-sociogenetic-kym.ngrok-free.dev' is already online. Either\n1. stop your existing endpoint first, or\n2. start both endpoints with `--pooling-enabled` to load balance between them.\r\n\r\nERR_NGROK_334\r\n"
t=2026-03-04T17:10:00+0000 lvl=eror msg="failed to reconnect session" obj=tunnels.session err="The endpoint 'https://dominatingly-sociogenetic-kym.ngrok-free.dev' is already online. Either\n1. stop your existing endpoint first, or\n2. start both endpoints with `--pooling-enabled` to load balance between them.\r\n\r\nERR_NGROK_334\r\n"
t=2026-03-04T17:10:30+0000 lvl=eror msg="failed to reconnect session" obj=tunnels.session err="The endpoint 'https://dominatingly-sociogenetic-kym.ngrok-free.dev' is already online. Either\n1. stop your existing endpoint first, or\n2. start both endpoints with `--pooling-enabled` to load balance between them.\r\n\r\nERR_NGROK_334\r\n"
t=2026-03-04T17:11:00+0000 lvl=eror msg="failed to reconnect session" obj=tunnels.session err="The endpoint 'https://dominatingly-sociogenetic-kym.ngrok-free.dev' is already online. Either\n1. stop your existing endpoint first, or\n2. start both endpoints with `--pooling-enabled` to load balance between them.\r\n\r\nERR_NGROK_334\r\n"
t=2026-03-04T17:11:30+0000 lvl=eror msg="failed to reconnect session" obj=tunnels.session err="The endpoint 'https://dominatingly-sociogenetic-kym.ngrok-free.dev' is already online. Either\n1. stop your existing endpoint first, or\n2. start both endpoints with `--pooling-enabled` to load balance between them.\r\n\r\nERR_NGROK_334\r\n"
t=2026-03-04T17:12:01+0000 lvl=eror msg="failed to reconnect session" obj=tunnels.session err="The endpoint 'https://dominatingly-sociogenetic-kym.ngrok-free.dev' is already online. Either\n1. stop your existing endpoint first, or\n2. start both endpoints with `--pooling-enabled` to load balance between them.\r\n\r\nERR_NGROK_334\r\n"
t=2026-03-04T17:12:31+0000 lvl=eror msg="failed to reconnect session" obj=tunnels.session err="The endpoint 'https://dominatingly-sociogenetic-kym.ngrok-free.dev' is already online. Either\n1. stop your existing endpoint first, or\n2. start both endpoints with `--pooling-enabled` to load balance between them.\r\n\r\nERR_NGROK_334\r\n"
t=2026-03-04T17:13:01+0000 lvl=eror msg="failed to reconnect session" obj=tunnels.session err="The endpoint 'https://dominatingly-sociogenetic-kym.ngrok-free.dev' is already online. Either\n1. stop your existing endpoint first, or\n2. start both endpoints with `--pooling-enabled` to load balance between them.\r\n\r\nERR_NGROK_334\r\n"
t=2026-03-04T17:13:32+0000 lvl=eror msg="failed to reconnect session" obj=tunnels.session err="The endpoint 'https://dominatingly-sociogenetic-kym.ngrok-free.dev' is already online. Either\n1. stop your existing endpoint first, or\n2. start both endpoints with `--pooling-enabled` to load balance between them.\r\n\r\nERR_NGROK_334\r\n"
t=2026-03-04T17:14:02+0000 lvl=eror msg="failed to reconnect session" obj=tunnels.session err="The endpoint 'https://dominatingly-sociogenetic-kym.ngrok-free.dev' is already online. Either\n1. stop your existing endpoint first, or\n2. start both endpoints with `--pooling-enabled` to load balance between them.\r\n\r\nERR_NGROK_334\r\n"
t=2026-03-04T17:14:32+0000 lvl=eror msg="failed to reconnect session" obj=tunnels.session err="The endpoint 'https://dominatingly-sociogenetic-kym.ngrok-free.dev' is already online. Either\n1. stop your existing endpoint first, or\n2. start both endpoints with `--pooling-enabled` to load balance between them.\r\n\r\nERR_NGROK_334\r\n"
t=2026-03-04T17:15:03+0000 lvl=eror msg="failed to reconnect session" obj=tunnels.session err="The endpoint 'https://dominatingly-sociogenetic-kym.ngrok-free.dev' is already online. Either\n1. stop your existing endpoint first, or\n2. start both endpoints with `--pooling-enabled` to load balance between them.\r\n\r\nERR_NGROK_334\r\n"
t=2026-03-04T17:15:33+0000 lvl=eror msg="failed to reconnect session" obj=tunnels.session err="The endpoint 'https://dominatingly-sociogenetic-kym.ngrok-free.dev' is already online. Either\n1. stop your existing endpoint first, or\n2. start both endpoints with `--pooling-enabled` to load balance between them.\r\n\r\nERR_NGROK_334\r\n"
t=2026-03-04T17:16:03+0000 lvl=eror msg="failed to reconnect session" obj=tunnels.session err="The endpoint 'https://dominatingly-sociogenetic-kym.ngrok-free.dev' is already online. Either\n1. stop your existing endpoint first, or\n2. start both endpoints with `--pooling-enabled` to load balance between them.\r\n\r\nERR_NGROK_334\r\n"
t=2026-03-04T17:16:34+0000 lvl=eror msg="failed to reconnect session" obj=tunnels.session err="The endpoint 'https://dominatingly-sociogenetic-kym.ngrok-free.dev' is already online. Either\n1. stop your existing endpoint first, or\n2. start both endpoints with `--pooling-enabled` to load balance between them.\r\n\r\nERR_NGROK_334\r\n"
t=2026-03-04T17:17:04+0000 lvl=eror msg="failed to reconnect session" obj=tunnels.session err="The endpoint 'https://dominatingly-sociogenetic-kym.ngrok-free.dev' is already online. Either\n1. stop your existing endpoint first, or\n2. start both endpoints with `--pooling-enabled` to load balance between them.\r\n\r\nERR_NGROK_334\r\n"
t=2026-03-04T17:17:34+0000 lvl=eror msg="failed to reconnect session" obj=tunnels.session err="The endpoint 'https://dominatingly-sociogenetic-kym.ngrok-free.dev' is already online. Either\n1. stop your existing endpoint first, or\n2. start both endpoints with `--pooling-enabled` to load balance between them.\r\n\r\nERR_NGROK_334\r\n"
t=2026-03-04T17:18:04+0000 lvl=eror msg="failed to reconnect session" obj=tunnels.session err="The endpoint 'https://dominatingly-sociogenetic-kym.ngrok-free.dev' is already online. Either\n1. stop your existing endpoint first, or\n2. start both endpoints with `--pooling-enabled` to load balance between them.\r\n\r\nERR_NGROK_334\r\n"
t=2026-03-04T17:18:35+0000 lvl=eror msg="failed to reconnect session" obj=tunnels.session err="The endpoint 'https://dominatingly-sociogenetic-kym.ngrok-free.dev' is already online. Either\n1. stop your existing endpoint first, or\n2. start both endpoints with `--pooling-enabled` to load balance between them.\r\n\r\nERR_NGROK_334\r\n"
t=2026-03-04T17:19:05+0000 lvl=eror msg="failed to reconnect session" obj=tunnels.session err="The endpoint 'https://dominatingly-sociogenetic-kym.ngrok-free.dev' is already online. Either\n1. stop your existing endpoint first, or\n2. start both endpoints with `--pooling-enabled` to load balance between them.\r\n\r\nERR_NGROK_334\r\n"
t=2026-03-04T17:19:35+0000 lvl=eror msg="failed to reconnect session" obj=tunnels.session err="The endpoint 'https://dominatingly-sociogenetic-kym.ngrok-free.dev' is already online. Either\n1. stop your existing endpoint first, or\n2. start both endpoints with `--pooling-enabled` to load balance between them.\r\n\r\nERR_NGROK_334\r\n"
t=2026-03-04T17:20:05+0000 lvl=eror msg="failed to reconnect session" obj=tunnels.session err="The endpoint 'https://dominatingly-sociogenetic-kym.ngrok-free.dev' is already online. Either\n1. stop your existing endpoint first, or\n2. start both endpoints with `--pooling-enabled` to load balance between them.\r\n\r\nERR_NGROK_334\r\n"
t=2026-03-04T17:20:36+0000 lvl=eror msg="failed to reconnect session" obj=tunnels.session err="The endpoint 'https://dominatingly-sociogenetic-kym.ngrok-free.dev' is already online. Either\n1. stop your existing endpoint first, or\n2. start both endpoints with `--pooling-enabled` to load balance between them.\r\n\r\nERR_NGROK_334\r\n"
t=2026-03-04T17:21:06+0000 lvl=eror msg="failed to reconnect session" obj=tunnels.session err="The endpoint 'https://dominatingly-sociogenetic-kym.ngrok-free.dev' is already online. Either\n1. stop your existing endpoint first, or\n2. start both endpoints with `--pooling-enabled` to load balance between them.\r\n\r\nERR_NGROK_334\r\n"
t=2026-03-04T17:21:36+0000 lvl=eror msg="failed to reconnect session" obj=tunnels.session err="The endpoint 'https://dominatingly-sociogenetic-kym.ngrok-free.dev' is already online. Either\n1. stop your existing endpoint first, or\n2. start both endpoints with `--pooling-enabled` to load balance between them.\r\n\r\nERR_NGROK_334\r\n"
t=2026-03-04T17:22:06+0000 lvl=eror msg="failed to reconnect session" obj=tunnels.session err="The endpoint 'https://dominatingly-sociogenetic-kym.ngrok-free.dev' is already online. Either\n1. stop your existing endpoint first, or\n2. start both endpoints with `--pooling-enabled` to load balance between them.\r\n\r\nERR_NGROK_334\r\n"
t=2026-03-04T17:22:37+0000 lvl=eror msg="failed to reconnect session" obj=tunnels.session err="The endpoint 'https://dominatingly-sociogenetic-kym.ngrok-free.dev' is already online. Either\n1. stop your existing endpoint first, or\n2. start both endpoints with `--pooling-enabled` to load balance between them.\r\n\r\nERR_NGROK_334\r\n"
t=2026-03-04T17:23:07+0000 lvl=eror msg="failed to reconnect session" obj=tunnels.session err="The endpoint 'https://dominatingly-sociogenetic-kym.ngrok-free.dev' is already online. Either\n1. stop your existing endpoint first, or\n2. start both endpoints with `--pooling-enabled` to load balance between them.\r\n\r\nERR_NGROK_334\r\n"
t=2026-03-04T17:23:37+0000 lvl=eror msg="failed to reconnect session" obj=tunnels.session err="The endpoint 'https://dominatingly-sociogenetic-kym.ngrok-free.dev' is already online. Either\n1. stop your existing endpoint first, or\n2. start both endpoints with `--pooling-enabled` to load balance between them.\r\n\r\nERR_NGROK_334\r\n"
t=2026-03-04T17:24:08+0000 lvl=eror msg="failed to reconnect session" obj=tunnels.session err="The endpoint 'https://dominatingly-sociogenetic-kym.ngrok-free.dev' is already online. Either\n1. stop your existing endpoint first, or\n2. start both endpoints with `--pooling-enabled` to load balance between them.\r\n\r\nERR_NGROK_334\r\n"
t=2026-03-04T17:24:38+0000 lvl=eror msg="failed to reconnect session" obj=tunnels.session err="The endpoint 'https://dominatingly-sociogenetic-kym.ngrok-free.dev' is already online. Either\n1. stop your existing endpoint first, or\n2. start both endpoints with `--pooling-enabled` to load balance between them.\r\n\r\nERR_NGROK_334\r\n"
t=2026-03-04T17:25:09+0000 lvl=eror msg="failed to reconnect session" obj=tunnels.session err="The endpoint 'https://dominatingly-sociogenetic-kym.ngrok-free.dev' is already online. Either\n1. stop your existing endpoint first, or\n2. start both endpoints with `--pooling-enabled` to load balance between them.\r\n\r\nERR_NGROK_334\r\n"
t=2026-03-04T17:25:39+0000 lvl=eror msg="failed to reconnect session" obj=tunnels.session err="The endpoint 'https://dominatingly-sociogenetic-kym.ngrok-free.dev' is already online. Either\n1. stop your existing endpoint first, or\n2. start both endpoints with `--pooling-enabled` to load balance between them.\r\n\r\nERR_NGROK_334\r\n"
t=2026-03-04T17:26:09+0000 lvl=eror msg="failed to reconnect session" obj=tunnels.session err="The endpoint 'https://dominatingly-sociogenetic-kym.ngrok-free.dev' is already online. Either\n1. stop your existing endpoint first, or\n2. start both endpoints with `--pooling-enabled` to load balance between them.\r\n\r\nERR_NGROK_334\r\n"
t=2026-03-04T17:26:39+0000 lvl=eror msg="failed to reconnect session" obj=tunnels.session err="The endpoint 'https://dominatingly-sociogenetic-kym.ngrok-free.dev' is already online. Either\n1. stop your existing endpoint first, or\n2. start both endpoints with `--pooling-enabled` to load balance between them.\r\n\r\nERR_NGROK_334\r\n"
t=2026-03-04T17:27:10+0000 lvl=eror msg="failed to reconnect session" obj=tunnels.session err="The endpoint 'https://dominatingly-sociogenetic-kym.ngrok-free.dev' is already online. Either\n1. stop your existing endpoint first, or\n2. start both endpoints with `--pooling-enabled` to load balance between them.\r\n\r\nERR_NGROK_334\r\n"
t=2026-03-04T17:27:40+0000 lvl=eror msg="failed to reconnect session" obj=tunnels.session err="The endpoint 'https://dominatingly-sociogenetic-kym.ngrok-free.dev' is already online. Either\n1. stop your existing endpoint first, or\n2. start both endpoints with `--pooling-enabled` to load balance between them.\r\n\r\nERR_NGROK_334\r\n"
t=2026-03-04T17:28:10+0000 lvl=eror msg="failed to reconnect session" obj=tunnels.session err="The endpoint 'https://dominatingly-sociogenetic-kym.ngrok-free.dev' is already online. Either\n1. stop your existing endpoint first, or\n2. start both endpoints with `--pooling-enabled` to load balance between them.\r\n\r\nERR_NGROK_334\r\n"
t=2026-03-04T17:28:41+0000 lvl=eror msg="failed to reconnect session" obj=tunnels.session err="The endpoint 'https://dominatingly-sociogenetic-kym.ngrok-free.dev' is already online. Either\n1. stop your existing endpoint first, or\n2. start both endpoints with `--pooling-enabled` to load balance between them.\r\n\r\nERR_NGROK_334\r\n"
t=2026-03-04T17:29:11+0000 lvl=eror msg="failed to reconnect session" obj=tunnels.session err="The endpoint 'https://dominatingly-sociogenetic-kym.ngrok-free.dev' is already online. Either\n1. stop your existing endpoint first, or\n2. start both endpoints with `--pooling-enabled` to load balance between them.\r\n\r\nERR_NGROK_334\r\n"
t=2026-03-04T17:29:41+0000 lvl=eror msg="failed to reconnect session" obj=tunnels.session err="The endpoint 'https://dominatingly-sociogenetic-kym.ngrok-free.dev' is already online. Either\n1. stop your existing endpoint first, or\n2. start both endpoints with `--pooling-enabled` to load balance between them.\r\n\r\nERR_NGROK_334\r\n"
t=2026-03-04T17:30:11+0000 lvl=eror msg="failed to reconnect session" obj=tunnels.session err="The endpoint 'https://dominatingly-sociogenetic-kym.ngrok-free.dev' is already online. Either\n1. stop your existing endpoint first, or\n2. start both endpoints with `--pooling-enabled` to load balance between them.\r\n\r\nERR_NGROK_334\r\n"
t=2026-03-04T17:30:42+0000 lvl=eror msg="failed to reconnect session" obj=tunnels.session err="The endpoint 'https://dominatingly-sociogenetic-kym.ngrok-free.dev' is already online. Either\n1. stop your existing endpoint first, or\n2. start both endpoints with `--pooling-enabled` to load balance between them.\r\n\r\nERR_NGROK_334\r\n"
t=2026-03-04T17:31:12+0000 lvl=eror msg="failed to reconnect session" obj=tunnels.session err="The endpoint 'https://dominatingly-sociogenetic-kym.ngrok-free.dev' is already online. Either\n1. stop your existing endpoint first, or\n2. start both endpoints with `--pooling-enabled` to load balance between them.\r\n\r\nERR_NGROK_334\r\n"
t=2026-03-04T17:31:42+0000 lvl=eror msg="failed to reconnect session" obj=tunnels.session err="The endpoint 'https://dominatingly-sociogenetic-kym.ngrok-free.dev' is already online. Either\n1. stop your existing endpoint first, or\n2. start both endpoints with `--pooling-enabled` to load balance between them.\r\n\r\nERR_NGROK_334\r\n"
t=2026-03-04T17:32:13+0000 lvl=eror msg="failed to reconnect session" obj=tunnels.session err="The endpoint 'https://dominatingly-sociogenetic-kym.ngrok-free.dev' is already online. Either\n1. stop your existing endpoint first, or\n2. start both endpoints with `--pooling-enabled` to load balance between them.\r\n\r\nERR_NGROK_334\r\n"
t=2026-03-04T17:32:43+0000 lvl=eror msg="failed to reconnect session" obj=tunnels.session err="The endpoint 'https://dominatingly-sociogenetic-kym.ngrok-free.dev' is already online. Either\n1. stop your existing endpoint first, or\n2. start both endpoints with `--pooling-enabled` to load balance between them.\r\n\r\nERR_NGROK_334\r\n"
t=2026-03-04T17:33:13+0000 lvl=eror msg="failed to reconnect session" obj=tunnels.session err="The endpoint 'https://dominatingly-sociogenetic-kym.ngrok-free.dev' is already online. Either\n1. stop your existing endpoint first, or\n2. start both endpoints with `--pooling-enabled` to load balance between them.\r\n\r\nERR_NGROK_334\r\n"
t=2026-03-04T17:33:43+0000 lvl=eror msg="failed to reconnect session" obj=tunnels.session err="The endpoint 'https://dominatingly-sociogenetic-kym.ngrok-free.dev' is already online. Either\n1. stop your existing endpoint first, or\n2. start both endpoints with `--pooling-enabled` to load balance between them.\r\n\r\nERR_NGROK_334\r\n"
t=2026-03-04T17:34:14+0000 lvl=eror msg="failed to reconnect session" obj=tunnels.session err="The endpoint 'https://dominatingly-sociogenetic-kym.ngrok-free.dev' is already online. Either\n1. stop your existing endpoint first, or\n2. start both endpoints with `--pooling-enabled` to load balance between them.\r\n\r\nERR_NGROK_334\r\n"
t=2026-03-04T17:34:44+0000 lvl=eror msg="failed to reconnect session" obj=tunnels.session err="The endpoint 'https://dominatingly-sociogenetic-kym.ngrok-free.dev' is already online. Either\n1. stop your existing endpoint first, or\n2. start both endpoints with `--pooling-enabled` to load balance between them.\r\n\r\nERR_NGROK_334\r\n"
t=2026-03-04T17:35:14+0000 lvl=eror msg="failed to reconnect session" obj=tunnels.session err="The endpoint 'https://dominatingly-sociogenetic-kym.ngrok-free.dev' is already online. Either\n1. stop your existing endpoint first, or\n2. start both endpoints with `--pooling-enabled` to load balance between them.\r\n\r\nERR_NGROK_334\r\n"
t=2026-03-04T17:35:44+0000 lvl=eror msg="failed to reconnect session" obj=tunnels.session err="The endpoint 'https://dominatingly-sociogenetic-kym.ngrok-free.dev' is already online. Either\n1. stop your existing endpoint first, or\n2. start both endpoints with `--pooling-enabled` to load balance between them.\r\n\r\nERR_NGROK_334\r\n"
t=2026-03-04T17:36:15+0000 lvl=eror msg="failed to reconnect session" obj=tunnels.session err="The endpoint 'https://dominatingly-sociogenetic-kym.ngrok-free.dev' is already online. Either\n1. stop your existing endpoint first, or\n2. start both endpoints with `--pooling-enabled` to load balance between them.\r\n\r\nERR_NGROK_334\r\n"
t=2026-03-04T17:36:45+0000 lvl=eror msg="failed to reconnect session" obj=tunnels.session err="The endpoint 'https://dominatingly-sociogenetic-kym.ngrok-free.dev' is already online. Either\n1. stop your existing endpoint first, or\n2. start both endpoints with `--pooling-enabled` to load balance between them.\r\n\r\nERR_NGROK_334\r\n"
t=2026-03-04T17:37:15+0000 lvl=eror msg="failed to reconnect session" obj=tunnels.session err="The endpoint 'https://dominatingly-sociogenetic-kym.ngrok-free.dev' is already online. Either\n1. stop your existing endpoint first, or\n2. start both endpoints with `--pooling-enabled` to load balance between them.\r\n\r\nERR_NGROK_334\r\n"
t=2026-03-04T17:37:46+0000 lvl=eror msg="failed to reconnect session" obj=tunnels.session err="The endpoint 'https://dominatingly-sociogenetic-kym.ngrok-free.dev' is already online. Either\n1. stop your existing endpoint first, or\n2. start both endpoints with `--pooling-enabled` to load balance between them.\r\n\r\nERR_NGROK_334\r\n"
t=2026-03-04T17:38:16+0000 lvl=eror msg="failed to reconnect session" obj=tunnels.session err="The endpoint 'https://dominatingly-sociogenetic-kym.ngrok-free.dev' is already online. Either\n1. stop your existing endpoint first, or\n2. start both endpoints with `--pooling-enabled` to load balance between them.\r\n\r\nERR_NGROK_334\r\n"
t=2026-03-04T17:38:46+0000 lvl=eror msg="failed to reconnect session" obj=tunnels.session err="The endpoint 'https://dominatingly-sociogenetic-kym.ngrok-free.dev' is already online. Either\n1. stop your existing endpoint first, or\n2. start both endpoints with `--pooling-enabled` to load balance between them.\r\n\r\nERR_NGROK_334\r\n"
t=2026-03-04T17:39:17+0000 lvl=eror msg="failed to reconnect session" obj=tunnels.session err="The endpoint 'https://dominatingly-sociogenetic-kym.ngrok-free.dev' is already online. Either\n1. stop your existing endpoint first, or\n2. start both endpoints with `--pooling-enabled` to load balance between them.\r\n\r\nERR_NGROK_334\r\n"
t=2026-03-04T17:39:47+0000 lvl=eror msg="failed to reconnect session" obj=tunnels.session err="The endpoint 'https://dominatingly-sociogenetic-kym.ngrok-free.dev' is already online. Either\n1. stop your existing endpoint first, or\n2. start both endpoints with `--pooling-enabled` to load balance between them.\r\n\r\nERR_NGROK_334\r\n"
t=2026-03-04T17:40:17+0000 lvl=eror msg="failed to reconnect session" obj=tunnels.session err="The endpoint 'https://dominatingly-sociogenetic-kym.ngrok-free.dev' is already online. Either\n1. stop your existing endpoint first, or\n2. start both endpoints with `--pooling-enabled` to load balance between them.\r\n\r\nERR_NGROK_334\r\n"
t=2026-03-04T17:40:48+0000 lvl=eror msg="failed to reconnect session" obj=tunnels.session err="The endpoint 'https://dominatingly-sociogenetic-kym.ngrok-free.dev' is already online. Either\n1. stop your existing endpoint first, or\n2. start both endpoints with `--pooling-enabled` to load balance between them.\r\n\r\nERR_NGROK_334\r\n"
t=2026-03-04T17:41:18+0000 lvl=eror msg="failed to reconnect session" obj=tunnels.session err="The endpoint 'https://dominatingly-sociogenetic-kym.ngrok-free.dev' is already online. Either\n1. stop your existing endpoint first, or\n2. start both endpoints with `--pooling-enabled` to load balance between them.\r\n\r\nERR_NGROK_334\r\n"
t=2026-03-04T17:41:48+0000 lvl=eror msg="failed to reconnect session" obj=tunnels.session err="The endpoint 'https://dominatingly-sociogenetic-kym.ngrok-free.dev' is already online. Either\n1. stop your existing endpoint first, or\n2. start both endpoints with `--pooling-enabled` to load balance between them.\r\n\r\nERR_NGROK_334\r\n"
t=2026-03-04T17:42:19+0000 lvl=eror msg="failed to reconnect session" obj=tunnels.session err="The endpoint 'https://dominatingly-sociogenetic-kym.ngrok-free.dev' is already online. Either\n1. stop your existing endpoint first, or\n2. start both endpoints with `--pooling-enabled` to load balance between them.\r\n\r\nERR_NGROK_334\r\n"
t=2026-03-04T17:42:49+0000 lvl=eror msg="failed to reconnect session" obj=tunnels.session err="The endpoint 'https://dominatingly-sociogenetic-kym.ngrok-free.dev' is already online. Either\n1. stop your existing endpoint first, or\n2. start both endpoints with `--pooling-enabled` to load balance between them.\r\n\r\nERR_NGROK_334\r\n"
t=2026-03-04T17:43:19+0000 lvl=eror msg="failed to reconnect session" obj=tunnels.session err="The endpoint 'https://dominatingly-sociogenetic-kym.ngrok-free.dev' is already online. Either\n1. stop your existing endpoint first, or\n2. start both endpoints with `--pooling-enabled` to load balance between them.\r\n\r\nERR_NGROK_334\r\n"
t=2026-03-04T17:43:49+0000 lvl=eror msg="failed to reconnect session" obj=tunnels.session err="The endpoint 'https://dominatingly-sociogenetic-kym.ngrok-free.dev' is already online. Either\n1. stop your existing endpoint first, or\n2. start both endpoints with `--pooling-enabled` to load balance between them.\r\n\r\nERR_NGROK_334\r\n"
t=2026-03-04T17:44:20+0000 lvl=eror msg="failed to reconnect session" obj=tunnels.session err="The endpoint 'https://dominatingly-sociogenetic-kym.ngrok-free.dev' is already online. Either\n1. stop your existing endpoint first, or\n2. start both endpoints with `--pooling-enabled` to load balance between them.\r\n\r\nERR_NGROK_334\r\n"
t=2026-03-04T17:44:50+0000 lvl=eror msg="failed to reconnect session" obj=tunnels.session err="The endpoint 'https://dominatingly-sociogenetic-kym.ngrok-free.dev' is already online. Either\n1. stop your existing endpoint first, or\n2. start both endpoints with `--pooling-enabled` to load balance between them.\r\n\r\nERR_NGROK_334\r\n"
t=2026-03-04T17:45:20+0000 lvl=eror msg="failed to reconnect session" obj=tunnels.session err="The endpoint 'https://dominatingly-sociogenetic-kym.ngrok-free.dev' is already online. Either\n1. stop your existing endpoint first, or\n2. start both endpoints with `--pooling-enabled` to load balance between them.\r\n\r\nERR_NGROK_334\r\n"
t=2026-03-04T17:45:50+0000 lvl=eror msg="failed to reconnect session" obj=tunnels.session err="The endpoint 'https://dominatingly-sociogenetic-kym.ngrok-free.dev' is already online. Either\n1. stop your existing endpoint first, or\n2. start both endpoints with `--pooling-enabled` to load balance between them.\r\n\r\nERR_NGROK_334\r\n"
t=2026-03-04T17:46:21+0000 lvl=eror msg="failed to reconnect session" obj=tunnels.session err="The endpoint 'https://dominatingly-sociogenetic-kym.ngrok-free.dev' is already online. Either\n1. stop your existing endpoint first, or\n2. start both endpoints with `--pooling-enabled` to load balance between them.\r\n\r\nERR_NGROK_334\r\n"
t=2026-03-04T17:46:51+0000 lvl=eror msg="failed to reconnect session" obj=tunnels.session err="The endpoint 'https://dominatingly-sociogenetic-kym.ngrok-free.dev' is already online. Either\n1. stop your existing endpoint first, or\n2. start both endpoints with `--pooling-enabled` to load balance between them.\r\n\r\nERR_NGROK_334\r\n"
t=2026-03-04T17:47:21+0000 lvl=eror msg="failed to reconnect session" obj=tunnels.session err="The endpoint 'https://dominatingly-sociogenetic-kym.ngrok-free.dev' is already online. Either\n1. stop your existing endpoint first, or\n2. start both endpoints with `--pooling-enabled` to load balance between them.\r\n\r\nERR_NGROK_334\r\n"
t=2026-03-04T17:47:51+0000 lvl=eror msg="failed to reconnect session" obj=tunnels.session err="The endpoint 'https://dominatingly-sociogenetic-kym.ngrok-free.dev' is already online. Either\n1. stop your existing endpoint first, or\n2. start both endpoints with `--pooling-enabled` to load balance between them.\r\n\r\nERR_NGROK_334\r\n"
t=2026-03-04T17:48:22+0000 lvl=eror msg="failed to reconnect session" obj=tunnels.session err="The endpoint 'https://dominatingly-sociogenetic-kym.ngrok-free.dev' is already online. Either\n1. stop your existing endpoint first, or\n2. start both endpoints with `--pooling-enabled` to load balance between them.\r\n\r\nERR_NGROK_334\r\n"
t=2026-03-04T17:48:52+0000 lvl=eror msg="failed to reconnect session" obj=tunnels.session err="The endpoint 'https://dominatingly-sociogenetic-kym.ngrok-free.dev' is already online. Either\n1. stop your existing endpoint first, or\n2. start both endpoints with `--pooling-enabled` to load balance between them.\r\n\r\nERR_NGROK_334\r\n"
t=2026-03-04T17:49:23+0000 lvl=eror msg="failed to reconnect session" obj=tunnels.session err="The endpoint 'https://dominatingly-sociogenetic-kym.ngrok-free.dev' is already online. Either\n1. stop your existing endpoint first, or\n2. start both endpoints with `--pooling-enabled` to load balance between them.\r\n\r\nERR_NGROK_334\r\n"
t=2026-03-04T17:49:53+0000 lvl=eror msg="failed to reconnect session" obj=tunnels.session err="The endpoint 'https://dominatingly-sociogenetic-kym.ngrok-free.dev' is already online. Either\n1. stop your existing endpoint first, or\n2. start both endpoints with `--pooling-enabled` to load balance between them.\r\n\r\nERR_NGROK_334\r\n"
t=2026-03-04T17:50:23+0000 lvl=eror msg="failed to reconnect session" obj=tunnels.session err="The endpoint 'https://dominatingly-sociogenetic-kym.ngrok-free.dev' is already online. Either\n1. stop your existing endpoint first, or\n2. start both endpoints with `--pooling-enabled` to load balance between them.\r\n\r\nERR_NGROK_334\r\n"
t=2026-03-04T17:50:53+0000 lvl=eror msg="failed to reconnect session" obj=tunnels.session err="The endpoint 'https://dominatingly-sociogenetic-kym.ngrok-free.dev' is already online. Either\n1. stop your existing endpoint first, or\n2. start both endpoints with `--pooling-enabled` to load balance between them.\r\n\r\nERR_NGROK_334\r\n"
t=2026-03-04T17:51:24+0000 lvl=eror msg="failed to reconnect session" obj=tunnels.session err="The endpoint 'https://dominatingly-sociogenetic-kym.ngrok-free.dev' is already online. Either\n1. stop your existing endpoint first, or\n2. start both endpoints with `--pooling-enabled` to load balance between them.\r\n\r\nERR_NGROK_334\r\n"
t=2026-03-04T17:51:54+0000 lvl=eror msg="failed to reconnect session" obj=tunnels.session err="The endpoint 'https://dominatingly-sociogenetic-kym.ngrok-free.dev' is already online. Either\n1. stop your existing endpoint first, or\n2. start both endpoints with `--pooling-enabled` to load balance between them.\r\n\r\nERR_NGROK_334\r\n"
t=2026-03-04T17:52:24+0000 lvl=eror msg="failed to reconnect session" obj=tunnels.session err="The endpoint 'https://dominatingly-sociogenetic-kym.ngrok-free.dev' is already online. Either\n1. stop your existing endpoint first, or\n2. start both endpoints with `--pooling-enabled` to load balance between them.\r\n\r\nERR_NGROK_334\r\n"
t=2026-03-04T17:52:54+0000 lvl=eror msg="failed to reconnect session" obj=tunnels.session err="The endpoint 'https://dominatingly-sociogenetic-kym.ngrok-free.dev' is already online. Either\n1. stop your existing endpoint first, or\n2. start both endpoints with `--pooling-enabled` to load balance between them.\r\n\r\nERR_NGROK_334\r\n"
t=2026-03-04T17:53:25+0000 lvl=eror msg="failed to reconnect session" obj=tunnels.session err="The endpoint 'https://dominatingly-sociogenetic-kym.ngrok-free.dev' is already online. Either\n1. stop your existing endpoint first, or\n2. start both endpoints with `--pooling-enabled` to load balance between them.\r\n\r\nERR_NGROK_334\r\n"
t=2026-03-04T17:53:55+0000 lvl=eror msg="failed to reconnect session" obj=tunnels.session err="The endpoint 'https://dominatingly-sociogenetic-kym.ngrok-free.dev' is already online. Either\n1. stop your existing endpoint first, or\n2. start both endpoints with `--pooling-enabled` to load balance between them.\r\n\r\nERR_NGROK_334\r\n"
t=2026-03-04T17:54:26+0000 lvl=eror msg="failed to reconnect session" obj=tunnels.session err="The endpoint 'https://dominatingly-sociogenetic-kym.ngrok-free.dev' is already online. Either\n1. stop your existing endpoint first, or\n2. start both endpoints with `--pooling-enabled` to load balance between them.\r\n\r\nERR_NGROK_334\r\n"
t=2026-03-04T17:54:56+0000 lvl=eror msg="failed to reconnect session" obj=tunnels.session err="The endpoint 'https://dominatingly-sociogenetic-kym.ngrok-free.dev' is already online. Either\n1. stop your existing endpoint first, or\n2. start both endpoints with `--pooling-enabled` to load balance between them.\r\n\r\nERR_NGROK_334\r\n"
t=2026-03-04T17:55:26+0000 lvl=eror msg="failed to reconnect session" obj=tunnels.session err="The endpoint 'https://dominatingly-sociogenetic-kym.ngrok-free.dev' is already online. Either\n1. stop your existing endpoint first, or\n2. start both endpoints with `--pooling-enabled` to load balance between them.\r\n\r\nERR_NGROK_334\r\n"
t=2026-03-04T17:55:56+0000 lvl=eror msg="failed to reconnect session" obj=tunnels.session err="The endpoint 'https://dominatingly-sociogenetic-kym.ngrok-free.dev' is already online. Either\n1. stop your existing endpoint first, or\n2. start both endpoints with `--pooling-enabled` to load balance between them.\r\n\r\nERR_NGROK_334\r\n"
" obj=tunnels.session err="The endpoint 'https://dominatingly-sociogenetic-kym.ngrok-free.dev' is already online. Either\n1. stop your existing endpoint first, or\n2. start both endpoints with `--pooling-enabled` to load balance between them.\r\n\r\nERR_NGROK_334\r\n"
t=2026-03-04T16:15:07+0000 lvl=eror msg="failed to reconnect session" obj=tunnels.session err="The endpoint 'https://dominatingly-sociogenetic-kym.ngrok-free.dev' is already online. Either\n1. stop your existing endpoint first, or\n2. start both endpoints with `--pooling-enabled` to load balance between them.\r\n\r\nERR_NGROK_334\r\n"
t=2026-03-04T16:15:39+0000 lvl=eror msg="failed to reconnect session" obj=tunnels.session err="The endpoint 'https://dominatingly-sociogenetic-kym.ngrok-free.dev' is already online. Either\n1. stop your existing endpoint first, or\n2. start both endpoints with `--pooling-enabled` to load balance between them.\r\n\r\nERR_NGROK_334\r\n"
t=2026-03-04T16:30:10+0000 lvl=eror msg="failed to reconnect session" obj=tunnels.session err="The endpoint 'https://dominatingly-sociogenetic-kym.ngrok-free.dev' is already online. Either\n1. stop your existing endpoint first, or\n2. start both endpoints with `--pooling-enabled` to load balance between them.\r\n\r\nERR_NGROK_334\r\n"
t=2026-03-04T16:36:33+0000 lvl=info msg="client session established" obj=tunnels.session
t=2026-03-04T16:36:33+0000 lvl=info msg="tunnel session started" obj=tunnels.session
t=2026-03-04T17:48:58+0000 lvl=info msg="join connections" obj=join id=ed9fda000fe3 l=127.0.0.1:3000 r=64.23.172.101:58484
t=2026-03-04T17:50:42+0000 lvl=info msg="join connections" obj=join id=b327814db676 l=127.0.0.1:3000 r=[2a00:23cc:e515:8001:f934:cd06:3012:bd0d]:51617
